
=== Wed Mar  1 14:23:00 2023

Packages were changed.
Update Mode: updateDependencies

The following packages were updated:
  com.unity.inputsystem from version 1.3.0 to 1.4.4
  com.unity.render-pipelines.universal from version 12.1.6 to 12.1.9

=== Wed Mar  1 14:23:00 2023

Packages were changed.
Update Mode: mergeDefaultDependencies

The following packages were added:
  com.unity.render-pipelines.universal@12.1.9

=== Wed Mar  1 14:28:18 2023

Packages were changed.
Update Mode: updateDependencies

The following packages were updated:
  com.unity.render-pipelines.universal from version 12.1.6 to 12.1.9

=== Wed Mar  1 14:30:43 2023

Packages were changed.
Update Mode: updateDependencies

The following packages were updated:
  com.unity.render-pipelines.universal from version 12.1.6 to 12.1.9
